<?xml version="1.0" encoding="UTF-8"?>
<!-- Generated by org.testng.reporters.JUnitReportReporter -->
<testsuite hostname="DESKTOP-29O3IIS" failures="0" tests="2" name="runners.TestRunner" time="15.794" errors="0" timestamp="12 Nov 2021 05:01:39 GMT" skipped="0">
  <testcase classname="runners.TestRunner" name="runScenario" time="8.295"/>
  <testcase classname="runners.TestRunner" name="runScenario" time="7.499"/>
</testsuite> <!-- runners.TestRunner -->
